<?xml version="1.0" encoding="UTF-8"?>
<!-- Generated by org.testng.reporters.JUnitXMLReporter -->
<testsuite hostname="gaoyuandeMacBook-Pro.local" ignored="0" name="Default test" tests="2" failures="0" timestamp="04 Oct 2018 01:41:01 GMT" time="3.149" errors="0">
  <testcase name="getAllDriverFirstName" time="1.788" classname="restAPI.JasonPath.JsonPath_PRACTICE2"/>
  <testcase name="simpleGetRequest" time="0.738" classname="restAPI.JasonPath.JsonPath_PRACTICE2"/>
</testsuite> <!-- Default test -->
